[2025-02-02T01:27:34.360+0000] {taskinstance.py:1103} INFO - Dependencies all met for dep_context=non-requeueable deps ti=<TaskInstance: ingestion_pipeline.data_ingestion manual__2025-02-02T01:27:31.884019+00:00 [queued]>
[2025-02-02T01:27:34.366+0000] {taskinstance.py:1103} INFO - Dependencies all met for dep_context=requeueable deps ti=<TaskInstance: ingestion_pipeline.data_ingestion manual__2025-02-02T01:27:31.884019+00:00 [queued]>
[2025-02-02T01:27:34.366+0000] {taskinstance.py:1308} INFO - Starting attempt 1 of 1
[2025-02-02T01:27:34.375+0000] {taskinstance.py:1327} INFO - Executing <Task(SparkSubmitOperator): data_ingestion> on 2025-02-02 01:27:31.884019+00:00
[2025-02-02T01:27:34.380+0000] {standard_task_runner.py:57} INFO - Started process 2759 to run task
[2025-02-02T01:27:34.384+0000] {standard_task_runner.py:84} INFO - Running: ['***', 'tasks', 'run', 'ingestion_pipeline', 'data_ingestion', 'manual__2025-02-02T01:27:31.884019+00:00', '--job-id', '39', '--raw', '--subdir', 'DAGS_FOLDER/ingestion_pipeline.py', '--cfg-path', '/tmp/tmp90cxeevf']
[2025-02-02T01:27:34.387+0000] {standard_task_runner.py:85} INFO - Job 39: Subtask data_ingestion
[2025-02-02T01:27:34.433+0000] {task_command.py:410} INFO - Running <TaskInstance: ingestion_pipeline.data_ingestion manual__2025-02-02T01:27:31.884019+00:00 [running]> on host 5bf3ecbe28c2
[2025-02-02T01:27:34.496+0000] {taskinstance.py:1547} INFO - Exporting env vars: AIRFLOW_CTX_DAG_OWNER='***' AIRFLOW_CTX_DAG_ID='ingestion_pipeline' AIRFLOW_CTX_TASK_ID='data_ingestion' AIRFLOW_CTX_EXECUTION_DATE='2025-02-02T01:27:31.884019+00:00' AIRFLOW_CTX_TRY_NUMBER='1' AIRFLOW_CTX_DAG_RUN_ID='manual__2025-02-02T01:27:31.884019+00:00'
[2025-02-02T01:27:34.503+0000] {base.py:73} INFO - Using connection ID 'spark_local' for task execution.
[2025-02-02T01:27:34.504+0000] {spark_submit.py:339} INFO - Spark-Submit cmd: spark-submit --master local --conf spark.master=local[*] --conf spark.executor.instances=4 --conf spark.executor.memory=4g --conf spark.driver.memory=2g --conf spark.sql.shuffle.partitions=8 --name arrow-spark --verbose /opt/***/dags/ingestion_pipeline.py
[2025-02-02T01:27:34.537+0000] {spark_submit.py:490} INFO - /opt/spark/bin/spark-class: line 71: /usr/lib/jvm/java-11-openjdk-amd64/bin/java: No such file or directory
[2025-02-02T01:27:34.538+0000] {spark_submit.py:490} INFO - /opt/spark/bin/spark-class: line 97: CMD: bad array subscript
[2025-02-02T01:27:34.550+0000] {taskinstance.py:1824} ERROR - Task failed with exception
Traceback (most recent call last):
  File "/home/airflow/.local/lib/python3.7/site-packages/airflow/providers/apache/spark/operators/spark_submit.py", line 157, in execute
    self._hook.submit(self._application)
  File "/home/airflow/.local/lib/python3.7/site-packages/airflow/providers/apache/spark/hooks/spark_submit.py", line 422, in submit
    f"Cannot execute: {self._mask_cmd(spark_submit_cmd)}. Error code is: {returncode}."
airflow.exceptions.AirflowException: Cannot execute: spark-submit --master local --conf spark.master=local[*] --conf spark.executor.instances=4 --conf spark.executor.memory=4g --conf spark.driver.memory=2g --conf spark.sql.shuffle.partitions=8 --name arrow-spark --verbose /opt/***/dags/ingestion_pipeline.py. Error code is: 1.
[2025-02-02T01:27:34.554+0000] {taskinstance.py:1350} INFO - Marking task as FAILED. dag_id=ingestion_pipeline, task_id=data_ingestion, execution_date=20250202T012731, start_date=20250202T012734, end_date=20250202T012734
[2025-02-02T01:27:34.565+0000] {standard_task_runner.py:109} ERROR - Failed to execute job 39 for task data_ingestion (Cannot execute: spark-submit --master local --conf spark.master=local[*] --conf spark.executor.instances=4 --conf spark.executor.memory=4g --conf spark.driver.memory=2g --conf spark.sql.shuffle.partitions=8 --name arrow-spark --verbose /opt/***/dags/ingestion_pipeline.py. Error code is: 1.; 2759)
[2025-02-02T01:27:34.610+0000] {local_task_job_runner.py:225} INFO - Task exited with return code 1
[2025-02-02T01:27:34.633+0000] {taskinstance.py:2653} INFO - 0 downstream tasks scheduled from follow-on schedule check
